------------------------------------------------------------------------------------------------------------------------

[2020-10-09 13:18:05 #1 store] 
Database 'C:\Users\MIKEL1\git\Bets2021\src\main\resources\bets.temp' is opened by 8236@LAPTOP-VSQPQNDP

[2020-10-09 13:18:05 #2 type] 
Type domain.Question is not enhanced.

[2020-10-09 13:18:05 #3 type] 
Type domain.Event is not enhanced.

[2020-10-09 13:18:05 #4 type.registry] 
New type domain.User

[2020-10-09 13:18:05 #5 type] 
Type domain.User is not enhanced.

[2020-10-09 13:18:05 #6 type.registry] 
New type domain.Mugimenduak

[2020-10-09 13:18:05 #7 type.registry] 
New type domain.ApustuAnizkoitza

[2020-10-09 13:18:05 #8 type.registry] 
New type java.util.Vector<domain.ApustuAnizkoitza>

[2020-10-09 13:18:05 #9 type.registry] 
New type domain.Apustua

[2020-10-09 13:18:05 #10 type.registry] 
New type java.util.Vector<domain.Apustua>

[2020-10-09 13:18:05 #11 type] 
Type domain.Mugimenduak is not enhanced.

[2020-10-09 13:18:05 #12 type.registry] 
New type java.util.ArrayList<java.lang.String>

[2020-10-09 13:18:05 #13 type] 
Type domain.ApustuAnizkoitza is not enhanced.

[2020-10-09 13:18:05 #14 type] 
Type domain.Apustua is not enhanced.

[2020-10-09 13:18:05 #15 type.registry] 
New type domain.Kuota

[2020-10-09 13:18:05 #16 type] 
Type domain.Kuota is not enhanced.

[2020-10-09 13:18:05 #17 type.registry] 
New type java.util.ArrayList<domain.Apustua>

[2020-10-09 13:18:05 #18 type.registry] 
New type java.util.ArrayList<java.lang.Object>

------------------------------------------------------------------------------------------------------------------------

[2020-10-09 15:48:20 #1 store] 
Database 'C:\Users\MIKEL1\git\Bets2021\src\main\resources\bets.temp' has been recovered (tr. 456-459)

[2020-10-09 15:48:21 #2 store] 
Database 'C:\Users\MIKEL1\git\Bets2021\src\main\resources\bets.temp' is opened by 2844@LAPTOP-VSQPQNDP

[2020-10-09 15:48:21 #3 type] 
Type domain.Question is not enhanced.

[2020-10-09 15:48:21 #4 type] 
Type domain.Event is not enhanced.

[2020-10-09 15:48:21 #5 type] 
Type domain.User is not enhanced.

[2020-10-09 15:48:21 #6 type] 
Type domain.Mugimenduak is not enhanced.

[2020-10-09 15:48:21 #7 type] 
Type domain.ApustuAnizkoitza is not enhanced.

[2020-10-09 15:48:21 #8 type] 
Type domain.Apustua is not enhanced.

[2020-10-09 15:48:21 #9 type] 
Type domain.Kuota is not enhanced.

------------------------------------------------------------------------------------------------------------------------

[2020-10-09 15:48:48 #1 store] 
Database 'C:\Users\MIKEL1\git\Bets2021\src\main\resources\bets.temp' is opened by 11464@LAPTOP-VSQPQNDP

[2020-10-09 15:48:48 #2 type] 
Type domain.Question is not enhanced.

[2020-10-09 15:48:48 #3 type] 
Type domain.Event is not enhanced.

[2020-10-09 15:48:48 #4 type] 
Type domain.User is not enhanced.

[2020-10-09 15:48:48 #5 type] 
Type domain.Mugimenduak is not enhanced.

[2020-10-09 15:48:48 #6 type] 
Type domain.ApustuAnizkoitza is not enhanced.

[2020-10-09 15:48:48 #7 type] 
Type domain.Apustua is not enhanced.

[2020-10-09 15:48:48 #8 type] 
Type domain.Kuota is not enhanced.

------------------------------------------------------------------------------------------------------------------------

[2020-10-09 15:49:39 #1 store] 
Database 'C:\Users\MIKEL1\git\Bets2021\src\main\resources\bets.temp' is opened by 14776@LAPTOP-VSQPQNDP

[2020-10-09 15:49:39 #2 type] 
Type domain.Question is not enhanced.

[2020-10-09 15:49:39 #3 type] 
Type domain.Event is not enhanced.

[2020-10-09 15:49:39 #4 type] 
Type domain.User is not enhanced.

[2020-10-09 15:49:39 #5 type] 
Type domain.Mugimenduak is not enhanced.

[2020-10-09 15:49:39 #6 type] 
Type domain.ApustuAnizkoitza is not enhanced.

[2020-10-09 15:49:39 #7 type] 
Type domain.Apustua is not enhanced.

[2020-10-09 15:49:39 #8 type] 
Type domain.Kuota is not enhanced.

------------------------------------------------------------------------------------------------------------------------

[2020-10-09 15:53:52 #1 store] 
Database 'C:\Users\MIKEL1\git\Bets2021\src\main\resources\bets.temp' is opened by 12684@LAPTOP-VSQPQNDP

[2020-10-09 15:53:53 #2 type] 
Type domain.Question is not enhanced.

[2020-10-09 15:53:53 #3 type] 
Type domain.Event is not enhanced.

[2020-10-09 15:53:53 #4 type] 
Type domain.User is not enhanced.

[2020-10-09 15:53:53 #5 type] 
Type domain.Mugimenduak is not enhanced.

[2020-10-09 15:53:53 #6 type] 
Type domain.ApustuAnizkoitza is not enhanced.

[2020-10-09 15:53:53 #7 type] 
Type domain.Apustua is not enhanced.

[2020-10-09 15:53:53 #8 type] 
Type domain.Kuota is not enhanced.

------------------------------------------------------------------------------------------------------------------------

[2020-10-09 16:00:56 #1 store] 
Database 'C:\Users\MIKEL1\git\Bets2021\src\main\resources\bets.temp' is opened by 7996@LAPTOP-VSQPQNDP

[2020-10-09 16:00:56 #2 type] 
Type domain.Question is not enhanced.

[2020-10-09 16:00:56 #3 type] 
Type domain.Event is not enhanced.

[2020-10-09 16:00:56 #4 type] 
Type domain.User is not enhanced.

[2020-10-09 16:00:56 #5 type] 
Type domain.Mugimenduak is not enhanced.

[2020-10-09 16:00:56 #6 type] 
Type domain.ApustuAnizkoitza is not enhanced.

[2020-10-09 16:00:56 #7 type] 
Type domain.Apustua is not enhanced.

[2020-10-09 16:00:56 #8 type] 
Type domain.Kuota is not enhanced.

------------------------------------------------------------------------------------------------------------------------

[2020-10-09 16:03:45 #1 store] 
Database 'C:\Users\MIKEL1\git\Bets2021\src\main\resources\bets.temp' is opened by 11436@LAPTOP-VSQPQNDP

[2020-10-09 16:03:45 #2 type] 
Type domain.Question is not enhanced.

[2020-10-09 16:03:45 #3 type] 
Type domain.Event is not enhanced.

[2020-10-09 16:03:45 #4 type] 
Type domain.User is not enhanced.

[2020-10-09 16:03:45 #5 type] 
Type domain.Mugimenduak is not enhanced.

[2020-10-09 16:03:45 #6 type] 
Type domain.ApustuAnizkoitza is not enhanced.

[2020-10-09 16:03:45 #7 type] 
Type domain.Apustua is not enhanced.

[2020-10-09 16:03:45 #8 type] 
Type domain.Kuota is not enhanced.

